# JRE version: Java(TM) SE Runtime Environment (10.0.1+10) (build 10.0.1+10)
# Java VM: Java HotSpot(TM) 64-Bit Server VM (10.0.1+10, mixed mode, tiered, compressed oops, g1 gc, windows-amd64)
Heap:
 garbage-first heap   total 262144K, used 40776K [0x00000000e0000000, 0x0000000100000000)
  region size 1024K, 28 young (28672K), 3 survivors (3072K)
 Metaspace       used 23886K, capacity 24451K, committed 24832K, reserved 276480K
  class space    used 2861K, capacity 3052K, committed 3072K, reserved 253952K
GC Heap History (8 events):
Event: 0.887 GC heap before
{Heap before GC invocations=0 (full 0):
 garbage-first heap   total 262144K, used 20480K [0x00000000e0000000, 0x0000000100000000)
  region size 1024K, 14 young (14336K), 0 survivors (0K)
 Metaspace       used 7761K, capacity 7975K, committed 8320K, reserved 262144K
  class space    used 693K, capacity 770K, committed 896K, reserved 253952K
}
Event: 0.894 GC heap after
{Heap after GC invocations=1 (full 0):
 garbage-first heap   total 262144K, used 8518K [0x00000000e0000000, 0x0000000100000000)
  region size 1024K, 2 young (2048K), 2 survivors (2048K)
 Metaspace       used 7761K, capacity 7975K, committed 8320K, reserved 262144K
  class space    used 693K, capacity 770K, committed 896K, reserved 253952K
}
Event: 1.469 GC heap before
{Heap before GC invocations=1 (full 0):
 garbage-first heap   total 262144K, used 19782K [0x00000000e0000000, 0x0000000100000000)
  region size 1024K, 13 young (13312K), 2 survivors (2048K)
 Metaspace       used 10859K, capacity 11153K, committed 11264K, reserved 264192K
  class space    used 1103K, capacity 1193K, committed 1280K, reserved 253952K
}
Event: 1.474 GC heap after
{Heap after GC invocations=2 (full 0):
 garbage-first heap   total 262144K, used 8855K [0x00000000e0000000, 0x0000000100000000)
  region size 1024K, 1 young (1024K), 1 survivors (1024K)
 Metaspace       used 10859K, capacity 11153K, committed 11264K, reserved 264192K
  class space    used 1103K, capacity 1193K, committed 1280K, reserved 253952K
}
Event: 2.742 GC heap before
{Heap before GC invocations=2 (full 0):
 garbage-first heap   total 262144K, used 48791K [0x00000000e0000000, 0x0000000100000000)
  region size 1024K, 39 young (39936K), 1 survivors (1024K)
 Metaspace       used 12538K, capacity 12904K, committed 13056K, reserved 266240K
  class space    used 1314K, capacity 1435K, committed 1536K, reserved 253952K
}
Event: 2.750 GC heap after
{Heap after GC invocations=3 (full 0):
 garbage-first heap   total 262144K, used 13978K [0x00000000e0000000, 0x0000000100000000)
  region size 1024K, 5 young (5120K), 5 survivors (5120K)
 Metaspace       used 12538K, capacity 12904K, committed 13056K, reserved 266240K
  class space    used 1314K, capacity 1435K, committed 1536K, reserved 253952K
}
Event: 7.060 GC heap before
{Heap before GC invocations=3 (full 0):
 garbage-first heap   total 262144K, used 55962K [0x00000000e0000000, 0x0000000100000000)
  region size 1024K, 47 young (48128K), 5 survivors (5120K)
 Metaspace       used 20654K, capacity 21107K, committed 21248K, reserved 274432K
  class space    used 2371K, capacity 2527K, committed 2560K, reserved 253952K
}
Event: 7.069 GC heap after
{Heap after GC invocations=4 (full 0):
 garbage-first heap   total 262144K, used 16200K [0x00000000e0000000, 0x0000000100000000)
  region size 1024K, 3 young (3072K), 3 survivors (3072K)
 Metaspace       used 20654K, capacity 21107K, committed 21248K, reserved 274432K
  class space    used 2371K, capacity 2527K, committed 2560K, reserved 253952K
}

