# JRE version: Java(TM) SE Runtime Environment (10.0.1+10) (build 10.0.1+10)
# Java VM: Java HotSpot(TM) 64-Bit Server VM (10.0.1+10, mixed mode, tiered, compressed oops, g1 gc, windows-amd64)
Heap:
 garbage-first heap   total 262144K, used 28562K [0x00000000e0000000, 0x0000000100000000)
  region size 1024K, 16 young (16384K), 4 survivors (4096K)
 Metaspace       used 21722K, capacity 22232K, committed 22528K, reserved 274432K
  class space    used 2549K, capacity 2737K, committed 2816K, reserved 253952K
GC Heap History (10 events):
Event: 1.095 GC heap before
{Heap before GC invocations=0 (full 0):
 garbage-first heap   total 262144K, used 20480K [0x00000000e0000000, 0x0000000100000000)
  region size 1024K, 14 young (14336K), 0 survivors (0K)
 Metaspace       used 7760K, capacity 7975K, committed 8320K, reserved 262144K
  class space    used 693K, capacity 770K, committed 896K, reserved 253952K
}
Event: 1.101 GC heap after
{Heap after GC invocations=1 (full 0):
 garbage-first heap   total 262144K, used 8116K [0x00000000e0000000, 0x0000000100000000)
  region size 1024K, 2 young (2048K), 2 survivors (2048K)
 Metaspace       used 7760K, capacity 7975K, committed 8320K, reserved 262144K
  class space    used 693K, capacity 770K, committed 896K, reserved 253952K
}
Event: 1.780 GC heap before
{Heap before GC invocations=1 (full 0):
 garbage-first heap   total 262144K, used 19380K [0x00000000e0000000, 0x0000000100000000)
  region size 1024K, 13 young (13312K), 2 survivors (2048K)
 Metaspace       used 10913K, capacity 11220K, committed 11520K, reserved 264192K
  class space    used 1111K, capacity 1194K, committed 1280K, reserved 253952K
}
Event: 1.785 GC heap after
{Heap after GC invocations=2 (full 0):
 garbage-first heap   total 262144K, used 9376K [0x00000000e0000000, 0x0000000100000000)
  region size 1024K, 1 young (1024K), 1 survivors (1024K)
 Metaspace       used 10913K, capacity 11220K, committed 11520K, reserved 264192K
  class space    used 1111K, capacity 1194K, committed 1280K, reserved 253952K
}
Event: 3.061 GC heap before
{Heap before GC invocations=2 (full 0):
 garbage-first heap   total 262144K, used 36000K [0x00000000e0000000, 0x0000000100000000)
  region size 1024K, 26 young (26624K), 1 survivors (1024K)
 Metaspace       used 11125K, capacity 11414K, committed 11520K, reserved 264192K
  class space    used 1114K, capacity 1194K, committed 1280K, reserved 253952K
}
Event: 3.066 GC heap after
{Heap after GC invocations=3 (full 0):
 garbage-first heap   total 262144K, used 13450K [0x00000000e0000000, 0x0000000100000000)
  region size 1024K, 4 young (4096K), 4 survivors (4096K)
 Metaspace       used 11125K, capacity 11414K, committed 11520K, reserved 264192K
  class space    used 1114K, capacity 1194K, committed 1280K, reserved 253952K
}
Event: 7.944 GC heap before
{Heap before GC invocations=3 (full 0):
 garbage-first heap   total 262144K, used 51338K [0x00000000e0000000, 0x0000000100000000)
  region size 1024K, 41 young (41984K), 4 survivors (4096K)
 Metaspace       used 17843K, capacity 18288K, committed 18432K, reserved 270336K
  class space    used 2058K, capacity 2226K, committed 2304K, reserved 253952K
}
Event: 7.954 GC heap after
{Heap after GC invocations=4 (full 0):
 garbage-first heap   total 262144K, used 16538K [0x00000000e0000000, 0x0000000100000000)
  region size 1024K, 3 young (3072K), 3 survivors (3072K)
 Metaspace       used 17843K, capacity 18288K, committed 18432K, reserved 270336K
  class space    used 2058K, capacity 2226K, committed 2304K, reserved 253952K
}
Event: 8.273 GC heap before
{Heap before GC invocations=4 (full 0):
 garbage-first heap   total 262144K, used 31898K [0x00000000e0000000, 0x0000000100000000)
  region size 1024K, 19 young (19456K), 3 survivors (3072K)
 Metaspace       used 20637K, capacity 21075K, committed 21248K, reserved 274432K
  class space    used 2362K, capacity 2495K, committed 2560K, reserved 253952K
}
Event: 8.280 GC heap after
{Heap after GC invocations=5 (full 0):
 garbage-first heap   total 262144K, used 17298K [0x00000000e0000000, 0x0000000100000000)
  region size 1024K, 4 young (4096K), 4 survivors (4096K)
 Metaspace       used 20637K, capacity 21075K, committed 21248K, reserved 274432K
  class space    used 2362K, capacity 2495K, committed 2560K, reserved 253952K
}

