# JRE version: Java(TM) SE Runtime Environment (10.0.1+10) (build 10.0.1+10)
# Java VM: Java HotSpot(TM) 64-Bit Server VM (10.0.1+10, mixed mode, tiered, compressed oops, g1 gc, windows-amd64)
Heap:
 garbage-first heap   total 262144K, used 109357K [0x00000000e0000000, 0x0000000100000000)
  region size 1024K, 72 young (73728K), 12 survivors (12288K)
 Metaspace       used 64649K, capacity 66323K, committed 66764K, reserved 313344K
  class space    used 8221K, capacity 8866K, committed 8908K, reserved 253952K
GC Heap History (10 events):
Event: 9.323 GC heap before
{Heap before GC invocations=6 (full 0):
 garbage-first heap   total 262144K, used 72581K [0x00000000e0000000, 0x0000000100000000)
  region size 1024K, 59 young (60416K), 4 survivors (4096K)
 Metaspace       used 27397K, capacity 28093K, committed 28544K, reserved 280576K
  class space    used 3390K, capacity 3631K, committed 3712K, reserved 253952K
}
Event: 9.334 GC heap after
{Heap after GC invocations=7 (full 0):
 garbage-first heap   total 262144K, used 18361K [0x00000000e0000000, 0x0000000100000000)
  region size 1024K, 6 young (6144K), 6 survivors (6144K)
 Metaspace       used 27397K, capacity 28093K, committed 28544K, reserved 280576K
  class space    used 3390K, capacity 3631K, committed 3712K, reserved 253952K
}
Event: 10.655 GC heap before
{Heap before GC invocations=7 (full 0):
 garbage-first heap   total 262144K, used 57273K [0x00000000e0000000, 0x0000000100000000)
  region size 1024K, 42 young (43008K), 6 survivors (6144K)
 Metaspace       used 34835K, capacity 35511K, committed 35840K, reserved 286720K
  class space    used 4185K, capacity 4421K, committed 4480K, reserved 253952K
}
Event: 10.671 GC heap after
{Heap after GC invocations=8 (full 0):
 garbage-first heap   total 262144K, used 23874K [0x00000000e0000000, 0x0000000100000000)
  region size 1024K, 9 young (9216K), 9 survivors (9216K)
 Metaspace       used 34835K, capacity 35511K, committed 35840K, reserved 286720K
  class space    used 4185K, capacity 4421K, committed 4480K, reserved 253952K
}
Event: 16.207 GC heap before
{Heap before GC invocations=9 (full 0):
 garbage-first heap   total 262144K, used 174402K [0x00000000e0000000, 0x0000000100000000)
  region size 1024K, 153 young (156672K), 9 survivors (9216K)
 Metaspace       used 49280K, capacity 50308K, committed 50944K, reserved 299008K
  class space    used 6136K, capacity 6559K, committed 6656K, reserved 253952K
}
Event: 16.241 GC heap after
{Heap after GC invocations=10 (full 0):
 garbage-first heap   total 262144K, used 34452K [0x00000000e0000000, 0x0000000100000000)
  region size 1024K, 18 young (18432K), 18 survivors (18432K)
 Metaspace       used 49280K, capacity 50308K, committed 50944K, reserved 299008K
  class space    used 6136K, capacity 6559K, committed 6656K, reserved 253952K
}
Event: 19.854 GC heap before
{Heap before GC invocations=10 (full 0):
 garbage-first heap   total 262144K, used 172692K [0x00000000e0000000, 0x0000000100000000)
  region size 1024K, 153 young (156672K), 18 survivors (18432K)
 Metaspace       used 58599K, capacity 59788K, committed 60032K, reserved 307200K
  class space    used 7335K, capacity 7796K, committed 7808K, reserved 253952K
}
Event: 19.903 GC heap after
{Heap after GC invocations=11 (full 0):
 garbage-first heap   total 262144K, used 45050K [0x00000000e0000000, 0x0000000100000000)
  region size 1024K, 20 young (20480K), 20 survivors (20480K)
 Metaspace       used 58599K, capacity 59788K, committed 60032K, reserved 307200K
  class space    used 7335K, capacity 7796K, committed 7808K, reserved 253952K
}
Event: 19.947 GC heap before
{Heap before GC invocations=11 (full 0):
 garbage-first heap   total 262144K, used 46074K [0x00000000e0000000, 0x0000000100000000)
  region size 1024K, 22 young (22528K), 20 survivors (20480K)
 Metaspace       used 58759K, capacity 59916K, committed 60160K, reserved 307200K
  class space    used 7353K, capacity 7796K, committed 7808K, reserved 253952K
}
Event: 19.982 GC heap after
{Heap after GC invocations=12 (full 0):
 garbage-first heap   total 262144K, used 46893K [0x00000000e0000000, 0x0000000100000000)
  region size 1024K, 12 young (12288K), 12 survivors (12288K)
 Metaspace       used 58759K, capacity 59916K, committed 60160K, reserved 307200K
  class space    used 7353K, capacity 7796K, committed 7808K, reserved 253952K
}

